[2017-04-12 11:41:11,526] DEBUG preRegister called. Server=com.sun.jmx.mbeanserver.JmxMBeanServer@66d3c617, name=log4j:logger=kafka.controller (kafka.controller)
[2017-04-12 11:43:06,165] INFO [Controller 0]: Controller starting up (kafka.controller.KafkaController)
[2017-04-12 11:43:06,187] INFO [Controller 0]: Broker 0 starting become controller state transition (kafka.controller.KafkaController)
[2017-04-12 11:43:06,204] INFO [Controller 0]: Controller 0 incremented epoch to 1 (kafka.controller.KafkaController)
[2017-04-12 11:43:06,206] DEBUG [Controller 0]: Registering IsrChangeNotificationListener (kafka.controller.KafkaController)
[2017-04-12 11:43:06,233] INFO [Controller 0]: Partitions undergoing preferred replica election:  (kafka.controller.KafkaController)
[2017-04-12 11:43:06,234] INFO [Controller 0]: Partitions that completed preferred replica election:  (kafka.controller.KafkaController)
[2017-04-12 11:43:06,235] INFO [Controller 0]: Resuming preferred replica election for partitions:  (kafka.controller.KafkaController)
[2017-04-12 11:43:06,239] INFO [Controller 0]: Partitions being reassigned: Map() (kafka.controller.KafkaController)
[2017-04-12 11:43:06,240] INFO [Controller 0]: Partitions already reassigned: Set() (kafka.controller.KafkaController)
[2017-04-12 11:43:06,241] INFO [Controller 0]: Resuming reassignment of partitions: Map() (kafka.controller.KafkaController)
[2017-04-12 11:43:06,244] INFO [Controller 0]: List of topics to be deleted:  (kafka.controller.KafkaController)
[2017-04-12 11:43:06,245] INFO [Controller 0]: List of topics ineligible for deletion:  (kafka.controller.KafkaController)
[2017-04-12 11:43:06,249] INFO [Controller 0]: Currently active brokers in the cluster: Set() (kafka.controller.KafkaController)
[2017-04-12 11:43:06,249] INFO [Controller 0]: Currently shutting brokers in the cluster: Set() (kafka.controller.KafkaController)
[2017-04-12 11:43:06,250] INFO [Controller 0]: Current list of topics in the cluster: Set() (kafka.controller.KafkaController)
[2017-04-12 11:43:06,332] INFO [Replica state machine on controller 0]: Started replica state machine with initial state -> Map() (kafka.controller.ReplicaStateMachine)
[2017-04-12 11:43:06,333] INFO [Partition state machine on Controller 0]: Started partition state machine with initial state -> Map() (kafka.controller.PartitionStateMachine)
[2017-04-12 11:43:06,334] INFO [Controller 0]: Broker 0 is ready to serve as the new controller with epoch 1 (kafka.controller.KafkaController)
[2017-04-12 11:43:06,335] INFO [Controller 0]: Starting preferred replica leader election for partitions  (kafka.controller.KafkaController)
[2017-04-12 11:43:06,336] INFO [Partition state machine on Controller 0]: Invoking state change to OnlinePartition for partitions  (kafka.controller.PartitionStateMachine)
[2017-04-12 11:43:06,345] INFO [Controller 0]: starting the partition rebalance scheduler (kafka.controller.KafkaController)
[2017-04-12 11:43:06,346] INFO [Controller 0]: Controller startup complete (kafka.controller.KafkaController)
[2017-04-12 11:43:06,504] INFO [BrokerChangeListener on Controller 0]: Broker change listener fired for path /brokers/ids with children 0 (kafka.controller.ReplicaStateMachine$BrokerChangeListener)
[2017-04-12 11:43:06,589] INFO [BrokerChangeListener on Controller 0]: Newly added brokers: 0, deleted brokers: , all live brokers: 0 (kafka.controller.ReplicaStateMachine$BrokerChangeListener)
[2017-04-12 11:43:06,595] DEBUG [Channel manager on controller 0]: Controller 0 trying to connect to broker 0 (kafka.controller.ControllerChannelManager)
[2017-04-12 11:43:06,616] INFO [Controller-0-to-broker-0-send-thread], Starting  (kafka.controller.RequestSendThread)
[2017-04-12 11:43:06,617] INFO [Controller 0]: New broker startup callback for 0 (kafka.controller.KafkaController)
[2017-04-12 11:43:06,629] INFO [Controller-0-to-broker-0-send-thread], Controller 0 connected to BL-WTAYA:9092 (id: 0 rack: null) for sending state change requests (kafka.controller.RequestSendThread)
[2017-04-12 11:43:11,348] TRACE [Controller 0]: checking need to trigger partition rebalance (kafka.controller.KafkaController)
[2017-04-12 11:43:11,362] DEBUG [Controller 0]: preferred replicas by broker Map() (kafka.controller.KafkaController)
[2017-04-12 11:43:25,825] DEBUG [TopicChangeListener on Controller 0]: Topic change listener fired for path /brokers/topics with children test (kafka.controller.PartitionStateMachine$TopicChangeListener)
[2017-04-12 11:43:25,835] INFO [TopicChangeListener on Controller 0]: New topics: [Set(test)], deleted topics: [Set()], new partition replica assignment [Map([test,0] -> List(0))] (kafka.controller.PartitionStateMachine$TopicChangeListener)
[2017-04-12 11:43:25,835] INFO [Controller 0]: New topic creation callback for [test,0] (kafka.controller.KafkaController)
[2017-04-12 11:43:25,838] INFO [Controller 0]: New partition creation callback for [test,0] (kafka.controller.KafkaController)
[2017-04-12 11:43:25,839] INFO [Partition state machine on Controller 0]: Invoking state change to NewPartition for partitions [test,0] (kafka.controller.PartitionStateMachine)
[2017-04-12 11:43:25,842] INFO [Replica state machine on controller 0]: Invoking state change to NewReplica for replicas [Topic=test,Partition=0,Replica=0] (kafka.controller.ReplicaStateMachine)
[2017-04-12 11:43:25,848] INFO [Partition state machine on Controller 0]: Invoking state change to OnlinePartition for partitions [test,0] (kafka.controller.PartitionStateMachine)
[2017-04-12 11:43:25,850] DEBUG [Partition state machine on Controller 0]: Live assigned replicas for partition [test,0] are: [List(0)] (kafka.controller.PartitionStateMachine)
[2017-04-12 11:43:25,852] DEBUG [Partition state machine on Controller 0]: Initializing leader and isr for partition [test,0] to (Leader:0,ISR:0,LeaderEpoch:0,ControllerEpoch:1) (kafka.controller.PartitionStateMachine)
[2017-04-12 11:43:25,929] INFO [Replica state machine on controller 0]: Invoking state change to OnlineReplica for replicas [Topic=test,Partition=0,Replica=0] (kafka.controller.ReplicaStateMachine)
[2017-04-12 11:45:09,430] INFO [Controller 0]: Shutting down broker 0 (kafka.controller.KafkaController)
[2017-04-12 11:45:09,430] DEBUG [Controller 0]: All shutting down brokers: 0 (kafka.controller.KafkaController)
[2017-04-12 11:45:09,430] DEBUG [Controller 0]: Live brokers:  (kafka.controller.KafkaController)
[2017-04-12 11:45:09,435] TRACE [Controller 0]: All leaders = [test,0] -> (Leader:0,ISR:0,LeaderEpoch:0,ControllerEpoch:1) (kafka.controller.KafkaController)
[2017-04-12 11:45:10,989] DEBUG [Controller 0]: Controller resigning, broker id 0 (kafka.controller.KafkaController)
[2017-04-12 11:45:10,989] DEBUG [Controller 0]: De-registering IsrChangeNotificationListener (kafka.controller.KafkaController)
[2017-04-12 11:45:10,992] INFO [Partition state machine on Controller 0]: Stopped partition state machine (kafka.controller.PartitionStateMachine)
[2017-04-12 11:45:10,992] INFO [Replica state machine on controller 0]: Stopped replica state machine (kafka.controller.ReplicaStateMachine)
[2017-04-12 11:45:10,994] INFO [Controller-0-to-broker-0-send-thread], Shutting down (kafka.controller.RequestSendThread)
[2017-04-12 11:45:10,994] INFO [Controller-0-to-broker-0-send-thread], Stopped  (kafka.controller.RequestSendThread)
[2017-04-12 11:45:10,994] INFO [Controller-0-to-broker-0-send-thread], Shutdown completed (kafka.controller.RequestSendThread)
[2017-04-12 11:45:10,995] INFO [Controller 0]: Broker 0 resigned as the controller (kafka.controller.KafkaController)
